[debug] [2022-02-08T14:17:49.837Z] ----------------------------------------------------------------------
[debug] [2022-02-08T14:17:49.847Z] Command:       C:\Program Files\nodejs\node.exe C:\Users\SAMMY\AppData\Roaming\npm\node_modules\firebase-tools\lib\bin\firebase.js deploy
[debug] [2022-02-08T14:17:49.849Z] CLI Version:   10.1.5
[debug] [2022-02-08T14:17:49.850Z] Platform:      win32
[debug] [2022-02-08T14:17:49.850Z] Node Version:  v14.17.6
[debug] [2022-02-08T14:17:50.055Z] Time:          Tue Feb 08 2022 14:17:49 GMT+0000 (Coordinated Universal Time)
[debug] [2022-02-08T14:17:50.058Z] ----------------------------------------------------------------------
[debug] 
[debug] [2022-02-08T14:17:50.749Z] > command requires scopes: ["email","openid","https://www.googleapis.com/auth/cloudplatformprojects.readonly","https://www.googleapis.com/auth/firebase","https://www.googleapis.com/auth/cloud-platform"]
[debug] [2022-02-08T14:17:50.750Z] > authorizing via signed-in user (netrink18@gmail.com)
[debug] [2022-02-08T14:17:50.751Z] [iam] checking project netrink-18 for permissions ["firebase.projects.get","firebasehosting.sites.update"]
[debug] [2022-02-08T14:17:50.782Z] >>> [apiv2][query] POST https://cloudresourcemanager.googleapis.com/v1/projects/netrink-18:testIamPermissions [none]
[debug] [2022-02-08T14:17:50.783Z] >>> [apiv2][body] POST https://cloudresourcemanager.googleapis.com/v1/projects/netrink-18:testIamPermissions {"permissions":["firebase.projects.get","firebasehosting.sites.update"]}
[debug] [2022-02-08T14:17:54.749Z] <<< [apiv2][status] POST https://cloudresourcemanager.googleapis.com/v1/projects/netrink-18:testIamPermissions 401
[debug] [2022-02-08T14:17:54.764Z] <<< [apiv2][body] POST https://cloudresourcemanager.googleapis.com/v1/projects/netrink-18:testIamPermissions {"error":{"code":401,"message":"Request had invalid authentication credentials. Expected OAuth 2 access token, login cookie or other valid authentication credential. See https://developers.google.com/identity/sign-in/web/devconsole-project.","status":"UNAUTHENTICATED"}}
[debug] [2022-02-08T14:17:54.773Z] [iam] error while checking permissions, command may fail: FirebaseError: HTTP Error: 401, Request had invalid authentication credentials. Expected OAuth 2 access token, login cookie or other valid authentication credential. See https://developers.google.com/identity/sign-in/web/devconsole-project.
[debug] [2022-02-08T14:17:54.915Z] >>> [apiv2][query] GET https://firebase.googleapis.com/v1beta1/projects/netrink-18 [none]
[debug] [2022-02-08T14:17:59.353Z] <<< [apiv2][status] GET https://firebase.googleapis.com/v1beta1/projects/netrink-18 401
[debug] [2022-02-08T14:17:59.354Z] <<< [apiv2][body] GET https://firebase.googleapis.com/v1beta1/projects/netrink-18 {"error":{"code":401,"message":"Request had invalid authentication credentials. Expected OAuth 2 access token, login cookie or other valid authentication credential. See https://developers.google.com/identity/sign-in/web/devconsole-project.","status":"UNAUTHENTICATED"}}
[debug] [2022-02-08T14:17:59.355Z] HTTP Error: 401, Request had invalid authentication credentials. Expected OAuth 2 access token, login cookie or other valid authentication credential. See https://developers.google.com/identity/sign-in/web/devconsole-project.
[debug] [2022-02-08T14:17:59.367Z] FirebaseError: HTTP Error: 401, Request had invalid authentication credentials. Expected OAuth 2 access token, login cookie or other valid authentication credential. See https://developers.google.com/identity/sign-in/web/devconsole-project.
    at module.exports (C:\Users\SAMMY\AppData\Roaming\npm\node_modules\firebase-tools\lib\responseToError.js:38:12)
    at RetryOperation._fn (C:\Users\SAMMY\AppData\Roaming\npm\node_modules\firebase-tools\lib\apiv2.js:283:39)
    at processTicksAndRejections (internal/process/task_queues.js:95:5)
[error] 
[error] Error: Failed to get Firebase project netrink-18. Please make sure the project exists and your account has permission to access it.
[debug] [2022-02-08T14:27:58.267Z] ----------------------------------------------------------------------
[debug] [2022-02-08T14:27:58.278Z] Command:       C:\Program Files\nodejs\node.exe C:\Users\SAMMY\AppData\Roaming\npm\node_modules\firebase-tools\lib\bin\firebase.js deploy
[debug] [2022-02-08T14:27:58.280Z] CLI Version:   10.1.5
[debug] [2022-02-08T14:27:58.280Z] Platform:      win32
[debug] [2022-02-08T14:27:58.281Z] Node Version:  v14.17.6
[debug] [2022-02-08T14:27:58.287Z] Time:          Tue Feb 08 2022 14:27:58 GMT+0000 (Coordinated Universal Time)
[debug] [2022-02-08T14:27:58.288Z] ----------------------------------------------------------------------
[debug] 
[debug] [2022-02-08T14:27:58.692Z] > command requires scopes: ["email","openid","https://www.googleapis.com/auth/cloudplatformprojects.readonly","https://www.googleapis.com/auth/firebase","https://www.googleapis.com/auth/cloud-platform"]
[debug] [2022-02-08T14:27:58.693Z] > authorizing via signed-in user (netrink18@gmail.com)
[debug] [2022-02-08T14:27:58.694Z] [iam] checking project netrink-18 for permissions ["firebase.projects.get","firebasehosting.sites.update"]
[debug] [2022-02-08T14:27:58.706Z] >>> [apiv2][query] POST https://cloudresourcemanager.googleapis.com/v1/projects/netrink-18:testIamPermissions [none]
[debug] [2022-02-08T14:27:58.707Z] >>> [apiv2][body] POST https://cloudresourcemanager.googleapis.com/v1/projects/netrink-18:testIamPermissions {"permissions":["firebase.projects.get","firebasehosting.sites.update"]}
[debug] [2022-02-08T14:28:14.722Z] [iam] error while checking permissions, command may fail: FirebaseError: Failed to make request to https://cloudresourcemanager.googleapis.com/v1/projects/netrink-18:testIamPermissions
[debug] [2022-02-08T14:28:14.728Z] >>> [apiv2][query] GET https://firebase.googleapis.com/v1beta1/projects/netrink-18 [none]
[debug] [2022-02-08T14:28:25.311Z] Failed to make request to https://firebase.googleapis.com/v1beta1/projects/netrink-18
[debug] [2022-02-08T14:28:25.318Z] FirebaseError: Failed to make request to https://firebase.googleapis.com/v1beta1/projects/netrink-18
    at RetryOperation._fn (C:\Users\SAMMY\AppData\Roaming\npm\node_modules\firebase-tools\lib\apiv2.js:240:31)
    at processTicksAndRejections (internal/process/task_queues.js:95:5)
[error] 
[error] Error: Failed to get Firebase project netrink-18. Please make sure the project exists and your account has permission to access it.
